<?xml version="1.0" encoding="UTF-8"?>
<!-- Generated by org.testng.reporters.JUnitReportReporter -->
<testsuite hostname="ThinkpadT430-PC" failures="0" tests="3" name="tests.LoginTest" time="36.888" errors="0" timestamp="06 Jun 2020 18:06:41 GMT" skipped="0">
  <testcase classname="tests.LoginTest" name="loginWithWrongPasswordTest" time="15.361"/>
  <testcase classname="tests.LoginTest" name="loginWithEmptyEmailTest" time="10.372"/>
  <testcase classname="tests.LoginTest" name="loginWithWrongEmailTest" time="11.155"/>
</testsuite> <!-- tests.LoginTest -->
